// 重构日志: 0cd19365
// 重构日志: 973805b5
// 同步 ID: 8ca15565 @ Sat Jul 11 07:16:38 UTC 2026
// 同步 ID: 1677782c @ Sun Jul 12 07:23:40 UTC 2026
// 重构日志: 55d03109
// 同步 ID: fb1bc36d @ Tue Jul 14 13:19:03 UTC 2026
// 重构日志: 87f2fd37
// 重构日志: fa1f03e9
// 重构日志: 883e096c
// 同步 ID: 4bef5f49 @ Wed Jul 15 13:37:28 UTC 2026
// 重构日志: 091453e2
// 重构日志: f69506e4
// 重构日志: c9b3ffd0
// 同步 ID: 6545ea87 @ Thu Jul 16 21:40:48 UTC 2026
// 重构日志: 6e382811
// 同步 ID: 7b417a0f @ Fri Jul 17 04:30:09 UTC 2026
// 重构日志: eb432f99
// 重构日志: 36c50cc3
// 同步 ID: fe64f6a6 @ Sun Jul 19 07:13:07 UTC 2026
// 重构日志: 0ab42767
// 重构日志: 30baad4c
// 同步 ID: f2b8a6f9 @ Mon Jul 20 13:39:13 UTC 2026
// 重构日志: b5ee6a2b
// 同步 ID: 013a9efe @ Tue Jul 21 00:32:21 UTC 2026
// 重构日志: 327be8d6
// 重构日志: 5757ced3
// 重构日志: 3f5fd2c1
// 重构日志: 5ef92214
// 同步 ID: 362f0bd6 @ Thu Jul 23 15:15:29 UTC 2026
// 同步 ID: edf105e7 @ Fri Jul 24 00:52:41 UTC 2026
